<?xml version="1.0" encoding="UTF-8"?>
<testsuite xmlns:xsi="http://www.w3.org/2001/XMLSchema-instance" xsi:noNamespaceSchemaLocation="https://maven.apache.org/surefire/maven-surefire-plugin/xsd/surefire-test-report-3.0.xsd" version="3.0" name="org.example.AppTest" time="1.437" tests="13" errors="0" skipped="0" failures="0">
  <properties>
    <property name="java.specification.version" value="17"/>
    <property name="sun.jnu.encoding" value="UTF-8"/>
    <property name="java.class.path" value="/var/jenkins_home/workspace/936_PopDavidPopoviciGeorge_Job/target/test-classes:/var/jenkins_home/workspace/936_PopDavidPopoviciGeorge_Job/target/classes:/var/jenkins_home/.m2/repository/org/junit/jupiter/junit-jupiter/5.10.2/junit-jupiter-5.10.2.jar:/var/jenkins_home/.m2/repository/org/junit/jupiter/junit-jupiter-api/5.10.2/junit-jupiter-api-5.10.2.jar:/var/jenkins_home/.m2/repository/org/opentest4j/opentest4j/1.3.0/opentest4j-1.3.0.jar:/var/jenkins_home/.m2/repository/org/junit/platform/junit-platform-commons/1.10.2/junit-platform-commons-1.10.2.jar:/var/jenkins_home/.m2/repository/org/apiguardian/apiguardian-api/1.1.2/apiguardian-api-1.1.2.jar:/var/jenkins_home/.m2/repository/org/junit/jupiter/junit-jupiter-params/5.10.2/junit-jupiter-params-5.10.2.jar:/var/jenkins_home/.m2/repository/org/junit/jupiter/junit-jupiter-engine/5.10.2/junit-jupiter-engine-5.10.2.jar:/var/jenkins_home/.m2/repository/org/junit/platform/junit-platform-engine/1.10.2/junit-platform-engine-1.10.2.jar:/var/jenkins_home/.m2/repository/junit/junit/4.13.2/junit-4.13.2.jar:/var/jenkins_home/.m2/repository/org/hamcrest/hamcrest-core/1.3/hamcrest-core-1.3.jar:"/>
    <property name="java.vm.vendor" value="Eclipse Adoptium"/>
    <property name="sun.arch.data.model" value="64"/>
    <property name="java.vendor.url" value="https://adoptium.net/"/>
    <property name="os.name" value="Linux"/>
    <property name="java.vm.specification.version" value="17"/>
    <property name="sun.java.launcher" value="SUN_STANDARD"/>
    <property name="sun.boot.library.path" value="/opt/java/openjdk/lib"/>
    <property name="sun.java.command" value="/var/jenkins_home/workspace/936_PopDavidPopoviciGeorge_Job/target/surefire/surefirebooter-20240323215900643_3.jar /var/jenkins_home/workspace/936_PopDavidPopoviciGeorge_Job/target/surefire 2024-03-23T21-58-53_855-jvmRun1 surefire-20240323215900643_1tmp surefire_0-20240323215900643_2tmp"/>
    <property name="jdk.debug" value="release"/>
    <property name="surefire.test.class.path" value="/var/jenkins_home/workspace/936_PopDavidPopoviciGeorge_Job/target/test-classes:/var/jenkins_home/workspace/936_PopDavidPopoviciGeorge_Job/target/classes:/var/jenkins_home/.m2/repository/org/junit/jupiter/junit-jupiter/5.10.2/junit-jupiter-5.10.2.jar:/var/jenkins_home/.m2/repository/org/junit/jupiter/junit-jupiter-api/5.10.2/junit-jupiter-api-5.10.2.jar:/var/jenkins_home/.m2/repository/org/opentest4j/opentest4j/1.3.0/opentest4j-1.3.0.jar:/var/jenkins_home/.m2/repository/org/junit/platform/junit-platform-commons/1.10.2/junit-platform-commons-1.10.2.jar:/var/jenkins_home/.m2/repository/org/apiguardian/apiguardian-api/1.1.2/apiguardian-api-1.1.2.jar:/var/jenkins_home/.m2/repository/org/junit/jupiter/junit-jupiter-params/5.10.2/junit-jupiter-params-5.10.2.jar:/var/jenkins_home/.m2/repository/org/junit/jupiter/junit-jupiter-engine/5.10.2/junit-jupiter-engine-5.10.2.jar:/var/jenkins_home/.m2/repository/org/junit/platform/junit-platform-engine/1.10.2/junit-platform-engine-1.10.2.jar:/var/jenkins_home/.m2/repository/junit/junit/4.13.2/junit-4.13.2.jar:/var/jenkins_home/.m2/repository/org/hamcrest/hamcrest-core/1.3/hamcrest-core-1.3.jar:"/>
    <property name="sun.cpu.endian" value="little"/>
    <property name="user.home" value="/var/jenkins_home"/>
    <property name="user.language" value="en"/>
    <property name="java.specification.vendor" value="Oracle Corporation"/>
    <property name="java.version.date" value="2024-01-16"/>
    <property name="java.home" value="/opt/java/openjdk"/>
    <property name="file.separator" value="/"/>
    <property name="basedir" value="/var/jenkins_home/workspace/936_PopDavidPopoviciGeorge_Job"/>
    <property name="java.vm.compressedOopsMode" value="32-bit"/>
    <property name="line.separator" value="&#10;"/>
    <property name="java.vm.specification.vendor" value="Oracle Corporation"/>
    <property name="java.specification.name" value="Java Platform API Specification"/>
    <property name="surefire.real.class.path" value="/var/jenkins_home/workspace/936_PopDavidPopoviciGeorge_Job/target/surefire/surefirebooter-20240323215900643_3.jar"/>
    <property name="sun.management.compiler" value="HotSpot 64-Bit Tiered Compilers"/>
    <property name="java.runtime.version" value="17.0.10+7"/>
    <property name="user.name" value="jenkins"/>
    <property name="path.separator" value=":"/>
    <property name="os.version" value="5.15.146.1-microsoft-standard-WSL2"/>
    <property name="java.runtime.name" value="OpenJDK Runtime Environment"/>
    <property name="file.encoding" value="UTF-8"/>
    <property name="java.vm.name" value="OpenJDK 64-Bit Server VM"/>
    <property name="java.vendor.version" value="Temurin-17.0.10+7"/>
    <property name="localRepository" value="/var/jenkins_home/.m2/repository"/>
    <property name="java.vendor.url.bug" value="https://github.com/adoptium/adoptium-support/issues"/>
    <property name="java.io.tmpdir" value="/tmp"/>
    <property name="java.version" value="17.0.10"/>
    <property name="user.dir" value="/var/jenkins_home/workspace/936_PopDavidPopoviciGeorge_Job"/>
    <property name="os.arch" value="amd64"/>
    <property name="java.vm.specification.name" value="Java Virtual Machine Specification"/>
    <property name="native.encoding" value="UTF-8"/>
    <property name="java.library.path" value="/usr/java/packages/lib:/usr/lib64:/lib64:/lib:/usr/lib"/>
    <property name="java.vm.info" value="mixed mode"/>
    <property name="java.vendor" value="Eclipse Adoptium"/>
    <property name="java.vm.version" value="17.0.10+7"/>
    <property name="sun.io.unicode.encoding" value="UnicodeLittle"/>
    <property name="java.class.version" value="61.0"/>
  </properties>
  <testcase name="testAddStudentValidEmail" classname="org.example.AppTest" time="0.587"/>
  <testcase name="testAddStudentValidGroup" classname="org.example.AppTest" time="0.056"/>
  <testcase name="testAddStudentNullName" classname="org.example.AppTest" time="0.043"/>
  <testcase name="testAddStudentValidId" classname="org.example.AppTest" time="0.055"/>
  <testcase name="testAddStudentInvalidGroup" classname="org.example.AppTest" time="0.023"/>
  <testcase name="testAddStudent" classname="org.example.AppTest" time="0.092"/>
  <testcase name="testAddStudentEmptyName" classname="org.example.AppTest" time="0.041"/>
  <testcase name="testAddStudentValidName" classname="org.example.AppTest" time="0.073"/>
  <testcase name="testAddStudentEmptyEmail" classname="org.example.AppTest" time="0.031"/>
  <testcase name="testAddStudentGroupLowerBVABound" classname="org.example.AppTest" time="0.06"/>
  <testcase name="testAddStudentEmptyId" classname="org.example.AppTest" time="0.019"/>
  <testcase name="testAddStudentNullEmail" classname="org.example.AppTest" time="0.018"/>
  <testcase name="testAddStudentNullId" classname="org.example.AppTest" time="0.022"/>
</testsuite>